IMKit/build/outputs/logs/manifest-merger-debug-report.txt
-- Merging decision tree log ---
manifest
ADDED from src/main/AndroidManifest.xml:2:1-108:12
INJECTED from src/main/AndroidManifest.xml:2:1-108:12
INJECTED from src/main/AndroidManifest.xml:2:1-108:12
INJECTED from src/main/AndroidManifest.xml:2:1-108:12
INJECTED from src/main/AndroidManifest.xml:2:1-108:12
INJECTED from src/main/AndroidManifest.xml:2:1-108:12
INJECTED from src/main/AndroidManifest.xml:2:1-108:12
	package
		ADDED from src/main/AndroidManifest.xml:3:5-28
		INJECTED from src/main/AndroidManifest.xml
		INJECTED from src/main/AndroidManifest.xml
	android:versionName
		INJECTED from src/main/AndroidManifest.xml
		ADDED from src/main/AndroidManifest.xml:2:1-108:12
		INJECTED from src/main/AndroidManifest.xml
	android:versionCode
		INJECTED from src/main/AndroidManifest.xml
		ADDED from src/main/AndroidManifest.xml:2:1-108:12
		INJECTED from src/main/AndroidManifest.xml
	xmlns:android
		ADDED from src/main/AndroidManifest.xml:2:11-69
uses-permission#android.permission.READ_EXTERNAL_STORAGE
ADDED from src/main/AndroidManifest.xml:5:5-80
	android:name
		ADDED from src/main/AndroidManifest.xml:5:22-77
uses-permission#android.permission.WRITE_EXTERNAL_STORAGE
ADDED from src/main/AndroidManifest.xml:6:5-81
	android:name
		ADDED from src/main/AndroidManifest.xml:6:22-78
uses-permission#android.permission.INTERNET
ADDED from src/main/AndroidManifest.xml:7:5-67
	android:name
		ADDED from src/main/AndroidManifest.xml:7:22-64
uses-permission#android.permission.ACCESS_NETWORK_STATE
ADDED from src/main/AndroidManifest.xml:8:5-79
	android:name
		ADDED from src/main/AndroidManifest.xml:8:22-76
uses-permission#android.permission.ACCESS_COARSE_LOCATION
ADDED from src/main/AndroidManifest.xml:9:5-81
	android:name
		ADDED from src/main/AndroidManifest.xml:9:22-78
uses-permission#android.permission.ACCESS_WIFI_STATE
ADDED from src/main/AndroidManifest.xml:10:5-76
	android:name
		ADDED from src/main/AndroidManifest.xml:10:22-73
uses-permission#android.permission.READ_PHONE_STATE
ADDED from src/main/AndroidManifest.xml:12:5-75
	android:name
		ADDED from src/main/AndroidManifest.xml:12:22-72
uses-permission#android.permission.RECORD_AUDIO
ADDED from src/main/AndroidManifest.xml:15:5-71
	android:name
		ADDED from src/main/AndroidManifest.xml:15:22-68
uses-permission#android.permission.GET_TASKS
ADDED from src/main/AndroidManifest.xml:16:5-68
	android:name
		ADDED from src/main/AndroidManifest.xml:16:22-65
uses-permission#android.permission.WAKE_LOCK
ADDED from src/main/AndroidManifest.xml:17:5-68
	android:name
		ADDED from src/main/AndroidManifest.xml:17:22-65
uses-permission#android.permission.MODIFY_AUDIO_SETTINGS
ADDED from src/main/AndroidManifest.xml:18:5-80
	android:name
		ADDED from src/main/AndroidManifest.xml:18:22-77
uses-permission#android.permission.VIBRATE
ADDED from src/main/AndroidManifest.xml:19:5-66
	android:name
		ADDED from src/main/AndroidManifest.xml:19:22-63
uses-permission#android.permission.CAMERA
ADDED from src/main/AndroidManifest.xml:20:5-65
	android:name
		ADDED from src/main/AndroidManifest.xml:20:22-62
uses-permission#android.permission.WRITE_SETTINGS
ADDED from src/main/AndroidManifest.xml:21:5-73
	android:name
		ADDED from src/main/AndroidManifest.xml:21:22-70
uses-permission#android.permission.INTERACT_ACROSS_USERS_FULL
ADDED from src/main/AndroidManifest.xml:23:5-85
	android:name
		ADDED from src/main/AndroidManifest.xml:23:22-82
uses-permission#android.permission.PROCESS_OUTGOING_CALLS
ADDED from src/main/AndroidManifest.xml:24:5-81
	android:name
		ADDED from src/main/AndroidManifest.xml:24:22-78
uses-permission#android.permission.SYSTEM_ALERT_WINDOW
ADDED from src/main/AndroidManifest.xml:25:5-78
	android:name
		ADDED from src/main/AndroidManifest.xml:25:22-75
uses-permission#android.permission.CHANGE_WIFI_STATE
ADDED from src/main/AndroidManifest.xml:26:5-76
	android:name
		ADDED from src/main/AndroidManifest.xml:26:22-73
application
ADDED from src/main/AndroidManifest.xml:28:5-106:19
activity#io.rong.imkit.plugin.location.AMapLocationActivity
ADDED from src/main/AndroidManifest.xml:30:9-32:52
	android:screenOrientation
		ADDED from src/main/AndroidManifest.xml:32:13-49
	android:name
		ADDED from src/main/AndroidManifest.xml:31:13-78
activity#io.rong.imkit.plugin.location.AMapPreviewActivity
ADDED from src/main/AndroidManifest.xml:34:9-86
	android:name
		ADDED from src/main/AndroidManifest.xml:34:19-83
activity#io.rong.imkit.plugin.location.AMapRealTimeActivity
ADDED from src/main/AndroidManifest.xml:36:9-87
	android:name
		ADDED from src/main/AndroidManifest.xml:36:19-84
activity#io.rong.imkit.plugin.location.SearchLocationActivity
ADDED from src/main/AndroidManifest.xml:38:9-41:71
	android:screenOrientation
		ADDED from src/main/AndroidManifest.xml:40:13-49
	android:windowSoftInputMode
		ADDED from src/main/AndroidManifest.xml:41:13-68
	android:name
		ADDED from src/main/AndroidManifest.xml:39:13-80
activity#io.rong.imkit.plugin.image.PictureSelectorActivity
ADDED from src/main/AndroidManifest.xml:43:9-45:52
	android:screenOrientation
		ADDED from src/main/AndroidManifest.xml:45:13-49
	android:name
		ADDED from src/main/AndroidManifest.xml:44:13-78
activity#io.rong.imkit.plugin.image.PicturePreviewActivity
ADDED from src/main/AndroidManifest.xml:47:9-49:52
	android:screenOrientation
		ADDED from src/main/AndroidManifest.xml:49:13-49
	android:name
		ADDED from src/main/AndroidManifest.xml:48:13-77
activity#io.rong.imkit.tools.RongWebviewActivity
ADDED from src/main/AndroidManifest.xml:52:9-59:20
	android:screenOrientation
		ADDED from src/main/AndroidManifest.xml:54:13-49
	android:name
		ADDED from src/main/AndroidManifest.xml:53:13-67
intent-filter#action:name:io.rong.imkit.intent.action.webview+category:name:android.intent.category.DEFAULT
ADDED from src/main/AndroidManifest.xml:55:13-58:29
action#io.rong.imkit.intent.action.webview
ADDED from src/main/AndroidManifest.xml:56:17-78
	android:name
		ADDED from src/main/AndroidManifest.xml:56:25-75
category#android.intent.category.DEFAULT
ADDED from src/main/AndroidManifest.xml:57:17-76
	android:name
		ADDED from src/main/AndroidManifest.xml:57:27-73
activity#io.rong.imkit.widget.provider.TakingPicturesActivity
ADDED from src/main/AndroidManifest.xml:61:9-64:52
	android:screenOrientation
		ADDED from src/main/AndroidManifest.xml:64:13-49
	android:configChanges
		ADDED from src/main/AndroidManifest.xml:63:13-63
	android:name
		ADDED from src/main/AndroidManifest.xml:62:13-80
activity#io.rong.imkit.activity.PicturePagerActivity
ADDED from src/main/AndroidManifest.xml:66:9-73:20
	android:theme
		ADDED from src/main/AndroidManifest.xml:68:13-71
	android:name
		ADDED from src/main/AndroidManifest.xml:67:13-71
intent-filter#action:name:io.rong.imkit.intent.action.picturepagerview+category:name:android.intent.category.DEFAULT
ADDED from src/main/AndroidManifest.xml:69:13-72:29
action#io.rong.imkit.intent.action.picturepagerview
ADDED from src/main/AndroidManifest.xml:70:17-87
	android:name
		ADDED from src/main/AndroidManifest.xml:70:25-84
activity#io.rong.imkit.mention.MemberMentionedActivity
ADDED from src/main/AndroidManifest.xml:75:9-78:67
	android:windowSoftInputMode
		ADDED from src/main/AndroidManifest.xml:78:13-64
	android:configChanges
		ADDED from src/main/AndroidManifest.xml:77:13-63
	android:name
		ADDED from src/main/AndroidManifest.xml:76:13-73
activity#io.rong.imkit.activity.FileManagerActivity
ADDED from src/main/AndroidManifest.xml:79:9-79
	android:name
		ADDED from src/main/AndroidManifest.xml:79:19-76
activity#io.rong.imkit.activity.FileListActivity
ADDED from src/main/AndroidManifest.xml:80:9-76
	android:name
		ADDED from src/main/AndroidManifest.xml:80:19-73
activity#io.rong.imkit.activity.FilePreviewActivity
ADDED from src/main/AndroidManifest.xml:81:9-88:20
	android:screenOrientation
		ADDED from src/main/AndroidManifest.xml:83:13-49
	android:name
		ADDED from src/main/AndroidManifest.xml:82:13-70
intent-filter#action:name:io.rong.imkit.intent.action.openfile+category:name:android.intent.category.DEFAULT
ADDED from src/main/AndroidManifest.xml:84:13-87:29
action#io.rong.imkit.intent.action.openfile
ADDED from src/main/AndroidManifest.xml:85:17-79
	android:name
		ADDED from src/main/AndroidManifest.xml:85:25-76
activity#io.rong.imkit.activity.CSLeaveMessageActivity
ADDED from src/main/AndroidManifest.xml:90:9-93:52
	android:screenOrientation
		ADDED from src/main/AndroidManifest.xml:93:13-49
	android:configChanges
		ADDED from src/main/AndroidManifest.xml:92:13-63
	android:name
		ADDED from src/main/AndroidManifest.xml:91:13-60
uses-sdk
INJECTED from src/main/AndroidManifest.xml reason: use-sdk injection requested
INJECTED from src/main/AndroidManifest.xml
INJECTED from src/main/AndroidManifest.xml
INJECTED from src/main/AndroidManifest.xml
INJECTED from src/main/AndroidManifest.xml
	android:targetSdkVersion
		INJECTED from src/main/AndroidManifest.xml
		ADDED from src/main/AndroidManifest.xml
		INJECTED from src/main/AndroidManifest.xml
	android:minSdkVersion
		INJECTED from src/main/AndroidManifest.xml
		ADDED from src/main/AndroidManifest.xml
		INJECTED from src/main/AndroidManifest.xml